{"/home/pieroarturo/repos/testing-practice/main.js": {"path":"/home/pieroarturo/repos/testing-practice/main.js","statementMap":{"0":{"start":{"line":2,"column":2},"end":{"line":4,"column":3}},"1":{"start":{"line":3,"column":4},"end":{"line":3,"column":32}},"2":{"start":{"line":6,"column":2},"end":{"line":19,"column":3}},"3":{"start":{"line":7,"column":16},"end":{"line":7,"column":17}},"4":{"start":{"line":8,"column":14},"end":{"line":8,"column":16}},"5":{"start":{"line":10,"column":4},"end":{"line":15,"column":5}},"6":{"start":{"line":10,"column":17},"end":{"line":10,"column":18}},"7":{"start":{"line":11,"column":6},"end":{"line":14,"column":7}},"8":{"start":{"line":12,"column":8},"end":{"line":12,"column":17}},"9":{"start":{"line":13,"column":8},"end":{"line":13,"column":13}},"10":{"start":{"line":16,"column":4},"end":{"line":16,"column":32}},"11":{"start":{"line":18,"column":4},"end":{"line":18,"column":77}},"12":{"start":{"line":21,"column":2},"end":{"line":21,"column":57}},"13":{"start":{"line":24,"column":0},"end":{"line":24,"column":34}},"14":{"start":{"line":25,"column":0},"end":{"line":25,"column":27}}},"fnMap":{"0":{"name":"capitalize","decl":{"start":{"line":1,"column":9},"end":{"line":1,"column":19}},"loc":{"start":{"line":1,"column":28},"end":{"line":22,"column":1}},"line":1}},"branchMap":{"0":{"loc":{"start":{"line":2,"column":2},"end":{"line":4,"column":3}},"type":"if","locations":[{"start":{"line":2,"column":2},"end":{"line":4,"column":3}},{"start":{},"end":{}}],"line":2},"1":{"loc":{"start":{"line":6,"column":2},"end":{"line":19,"column":3}},"type":"if","locations":[{"start":{"line":6,"column":2},"end":{"line":19,"column":3}},{"start":{},"end":{}}],"line":6},"2":{"loc":{"start":{"line":6,"column":6},"end":{"line":6,"column":58}},"type":"binary-expr","locations":[{"start":{"line":6,"column":6},"end":{"line":6,"column":30}},{"start":{"line":6,"column":34},"end":{"line":6,"column":58}}],"line":6},"3":{"loc":{"start":{"line":11,"column":6},"end":{"line":14,"column":7}},"type":"if","locations":[{"start":{"line":11,"column":6},"end":{"line":14,"column":7}},{"start":{},"end":{}}],"line":11},"4":{"loc":{"start":{"line":11,"column":10},"end":{"line":11,"column":61}},"type":"binary-expr","locations":[{"start":{"line":11,"column":10},"end":{"line":11,"column":34}},{"start":{"line":11,"column":38},"end":{"line":11,"column":61}}],"line":11}},"s":{"0":8,"1":1,"2":7,"3":3,"4":3,"5":3,"6":3,"7":11,"8":3,"9":3,"10":3,"11":3,"12":4,"13":1,"14":1},"f":{"0":8},"b":{"0":[1,7],"1":[3,4],"2":[7,5],"3":[3,8],"4":[11,6]},"_coverageSchema":"1a1c01bbd47fc00a2c39e90264f33305004495a9","hash":"08a855198e0d560dc2c9d2b3de4af4253a938295"}
}
