{"/home/pieroarturo/repos/testing-practice/main.js": {"path":"/home/pieroarturo/repos/testing-practice/main.js","statementMap":{"0":{"start":{"line":2,"column":2},"end":{"line":4,"column":3}},"1":{"start":{"line":3,"column":4},"end":{"line":3,"column":32}},"2":{"start":{"line":6,"column":2},"end":{"line":20,"column":3}},"3":{"start":{"line":7,"column":16},"end":{"line":7,"column":17}},"4":{"start":{"line":8,"column":18},"end":{"line":8,"column":26}},"5":{"start":{"line":9,"column":14},"end":{"line":9,"column":16}},"6":{"start":{"line":11,"column":4},"end":{"line":16,"column":5}},"7":{"start":{"line":11,"column":17},"end":{"line":11,"column":18}},"8":{"start":{"line":12,"column":6},"end":{"line":15,"column":7}},"9":{"start":{"line":13,"column":8},"end":{"line":13,"column":17}},"10":{"start":{"line":14,"column":8},"end":{"line":14,"column":13}},"11":{"start":{"line":17,"column":4},"end":{"line":17,"column":32}},"12":{"start":{"line":19,"column":4},"end":{"line":19,"column":77}},"13":{"start":{"line":22,"column":2},"end":{"line":22,"column":57}},"14":{"start":{"line":25,"column":0},"end":{"line":25,"column":34}},"15":{"start":{"line":26,"column":0},"end":{"line":26,"column":27}}},"fnMap":{"0":{"name":"capitalize","decl":{"start":{"line":1,"column":9},"end":{"line":1,"column":19}},"loc":{"start":{"line":1,"column":28},"end":{"line":23,"column":1}},"line":1}},"branchMap":{"0":{"loc":{"start":{"line":2,"column":2},"end":{"line":4,"column":3}},"type":"if","locations":[{"start":{"line":2,"column":2},"end":{"line":4,"column":3}},{"start":{},"end":{}}],"line":2},"1":{"loc":{"start":{"line":6,"column":2},"end":{"line":20,"column":3}},"type":"if","locations":[{"start":{"line":6,"column":2},"end":{"line":20,"column":3}},{"start":{},"end":{}}],"line":6},"2":{"loc":{"start":{"line":6,"column":6},"end":{"line":6,"column":58}},"type":"binary-expr","locations":[{"start":{"line":6,"column":6},"end":{"line":6,"column":30}},{"start":{"line":6,"column":34},"end":{"line":6,"column":58}}],"line":6},"3":{"loc":{"start":{"line":12,"column":6},"end":{"line":15,"column":7}},"type":"if","locations":[{"start":{"line":12,"column":6},"end":{"line":15,"column":7}},{"start":{},"end":{}}],"line":12}},"s":{"0":8,"1":1,"2":7,"3":3,"4":3,"5":3,"6":3,"7":3,"8":11,"9":3,"10":3,"11":3,"12":3,"13":4,"14":1,"15":1},"f":{"0":8},"b":{"0":[1,7],"1":[3,4],"2":[7,5],"3":[3,8]},"_coverageSchema":"1a1c01bbd47fc00a2c39e90264f33305004495a9","hash":"53da61c5f115a1d7f2c99ddd9ab11159e0c6b921"}
}
