TN:
SF:src/calculator.js
FN:2,(anonymous_0)
FN:5,(anonymous_1)
FN:8,(anonymous_2)
FN:11,(anonymous_3)
FNF:4
FNH:4
FNDA:3,(anonymous_0)
FNDA:2,(anonymous_1)
FNDA:3,(anonymous_2)
FNDA:3,(anonymous_3)
DA:1,1
DA:3,3
DA:6,2
DA:9,3
DA:12,3
DA:16,1
LF:6
LH:6
BRDA:12,0,0,2
BRDA:12,0,1,1
BRF:2
BRH:2
end_of_record
TN:
SF:src/capitalize.js
FN:1,capitalize
FN:6,(anonymous_1)
FNF:2
FNH:2
FNDA:7,capitalize
FNDA:11,(anonymous_1)
DA:2,7
DA:3,1
DA:6,11
DA:8,6
DA:15,1
LF:5
LH:5
BRDA:2,0,0,1
BRDA:2,0,1,6
BRF:2
BRH:2
end_of_record
TN:
SF:src/reverseString.js
FN:1,reverseString
FNF:1
FNH:1
FNDA:9,reverseString
DA:2,9
DA:5,1
LF:2
LH:2
BRF:0
BRH:0
end_of_record
